<?xml version="1.0" encoding="UTF-8"?>
<testng-results skipped="0" failed="0" total="1" passed="1">
  <reporter-output>
  </reporter-output>
  <suite name="Default suite" duration-ms="98196" started-at="2018-09-26T09:09:04Z" finished-at="2018-09-26T09:10:42Z">
    <groups>
    </groups>
    <test name="Default test" duration-ms="98196" started-at="2018-09-26T09:09:04Z" finished-at="2018-09-26T09:10:42Z">
      <class name="com.workflows.Cosmos_Sephora_Cust_Details">
        <test-method status="PASS" signature="fileUploadToSFTPLocation()[pri:0, instance:com.workflows.Cosmos_Sephora_Cust_Details@2833cc44]" name="fileUploadToSFTPLocation" is-config="true" duration-ms="6861" started-at="2018-09-26T14:39:04Z" finished-at="2018-09-26T14:39:10Z">
          <reporter-output>
          </reporter-output>
        </test-method> <!-- fileUploadToSFTPLocation -->
        <test-method status="PASS" signature="runWorkFlow()[pri:0, instance:com.workflows.Cosmos_Sephora_Cust_Details@2833cc44]" name="runWorkFlow" duration-ms="85470" started-at="2018-09-26T14:39:10Z" finished-at="2018-09-26T14:40:36Z">
          <reporter-output>
          </reporter-output>
        </test-method> <!-- runWorkFlow -->
        <test-method status="PASS" signature="closeBrowser()[pri:0, instance:com.workflows.Cosmos_Sephora_Cust_Details@2833cc44]" name="closeBrowser" is-config="true" duration-ms="5833" started-at="2018-09-26T14:40:36Z" finished-at="2018-09-26T14:40:42Z">
          <reporter-output>
          </reporter-output>
        </test-method> <!-- closeBrowser -->
      </class> <!-- com.workflows.Cosmos_Sephora_Cust_Details -->
    </test> <!-- Default test -->
  </suite> <!-- Default suite -->
</testng-results>
